[2019-06-20 18:48:15.584] [exthost] [info] extension host started
[2019-06-20 18:48:16.122] [exthost] [info] extension host started
[2019-06-20 18:48:16.149] [exthost] [info] ExtensionService#_doActivateExtension vscode.debug-auto-launch {"startup":true,"activationEvent":"*"}
[2019-06-20 18:48:16.149] [exthost] [info] ExtensionService#loadCommonJSModule c:\Users\KoshelevRA\.codemix\engine\resources\app\extensions\debug-auto-launch\dist\extension
[2019-06-20 18:48:16.155] [exthost] [info] ExtensionService#_doActivateExtension vscode.emmet {"startup":true,"activationEvent":"*"}
[2019-06-20 18:48:16.155] [exthost] [info] ExtensionService#loadCommonJSModule c:\Users\KoshelevRA\.codemix\engine\resources\app\extensions\emmet\dist\extension
[2019-06-20 18:48:16.181] [exthost] [info] ExtensionService#_doActivateExtension vscode.configuration-editing {"startup":false,"activationEvent":"onLanguage:jsonc"}
[2019-06-20 18:48:16.181] [exthost] [info] ExtensionService#loadCommonJSModule c:\Users\KoshelevRA\.codemix\engine\resources\app\extensions\configuration-editing\dist\extension
[2019-06-20 18:48:16.196] [exthost] [info] ExtensionService#_doActivateExtension vscode.json-language-features {"startup":false,"activationEvent":"onLanguage:jsonc"}
[2019-06-20 18:48:16.196] [exthost] [info] ExtensionService#loadCommonJSModule c:\Users\KoshelevRA\.codemix\engine\resources\app\extensions\json-language-features\client\dist\jsonMain
[2019-06-20 18:48:16.306] [exthost] [info] ExtensionService#_doActivateExtension vscode.typescript-language-features {"startup":false,"activationEvent":"onLanguage:jsonc"}
[2019-06-20 18:48:16.306] [exthost] [info] ExtensionService#loadCommonJSModule c:\Users\KoshelevRA\.codemix\engine\resources\app\extensions\typescript-language-features\dist\extension
[2019-06-20 18:48:16.384] [exthost] [info] ExtensionService#_doActivateExtension vscode.grunt {"startup":false,"activationEvent":"onCommand:workbench.action.tasks.runTask"}
[2019-06-20 18:48:16.384] [exthost] [info] ExtensionService#loadCommonJSModule c:\Users\KoshelevRA\.codemix\engine\resources\app\extensions\grunt\dist\main
[2019-06-20 18:48:16.390] [exthost] [info] ExtensionService#_doActivateExtension vscode.gulp {"startup":false,"activationEvent":"onCommand:workbench.action.tasks.runTask"}
[2019-06-20 18:48:16.390] [exthost] [info] ExtensionService#loadCommonJSModule c:\Users\KoshelevRA\.codemix\engine\resources\app\extensions\gulp\dist\main
[2019-06-20 18:48:16.395] [exthost] [info] ExtensionService#_doActivateExtension vscode.jake {"startup":false,"activationEvent":"onCommand:workbench.action.tasks.runTask"}
[2019-06-20 18:48:16.395] [exthost] [info] ExtensionService#loadCommonJSModule c:\Users\KoshelevRA\.codemix\engine\resources\app\extensions\jake\dist\main
[2019-06-20 18:48:16.400] [exthost] [info] ExtensionService#_doActivateExtension vscode.npm {"startup":false,"activationEvent":"onCommand:workbench.action.tasks.runTask"}
[2019-06-20 18:48:16.400] [exthost] [info] ExtensionService#loadCommonJSModule c:\Users\KoshelevRA\.codemix\engine\resources\app\extensions\npm\dist\main
[2019-06-20 18:48:16.421] [exthost] [info] eager extensions activated
